0.19314166905207025 1.8874521171180354 0.018120023747784056 nan
0.18729304080103432 1.890887201967229 0.019613166874956678 nan
0.18906102380080156 1.8923066643834168 0.01918662741270366 nan
0.18903432276163712 1.8934742513443883 0.019387414626059557 nan
0.18965875647169786 1.8945914657932108 0.01928503889805204 nan
0.18904069567904183 1.8936850356561996 0.01903394288469004 nan
0.18918290151479458 1.8932699445793826 0.01933171978495765 nan
0.1885844636572456 1.8924704000268437 0.01928713835018364 nan
0.1886299084152094 1.8956490952985114 0.019262984387585017 nan
0.18921316576305797 1.891295409741286 0.0193763899170009 nan
0.18895433265556955 1.8929601629186297 0.0193773837886288 nan
0.1886670546065975 1.8920177262740403 0.01967430118659251 nan
0.18872343384688306 1.8946569626240928 0.0196538365318477 nan
0.18824253353710907 1.8963099162292683 0.01926262339602959 nan
0.1887798661608679 1.894935486193796 0.019286420952749628 nan
0.1884903574350579 1.8950398792347052 0.019148331759781714 nan
0.18804608796208938 1.8924766838031248 0.019562034663568456 nan
0.18855191701304247 1.8963490857642673 0.019147175139351727 nan
0.18795242710911153 1.895904285633392 0.019285910511515778 nan
0.18862075464772665 1.8910611214596225 0.019401530520107457 nan
0.18820570622382843 1.8966967072320822 0.01956075116877798 nan
0.1881235811494565 1.8958047161871574 0.019147774414522076 nan
0.18781930425073307 1.8934435397611997 0.019677263361851077 nan
0.18753462487135522 1.8934903425854728 0.019675356578144232 nan
0.18743228048533225 1.89267435658809 0.01967604481941701 nan
0.18736959347767082 1.8942323118885294 0.019287152804299434 nan
0.18729014541235875 1.892308662021113 0.01967531294118341 nan
0.18720695511773616 1.894510492146415 0.019424080368857136 nan
0.18712873039714065 1.8946497358458514 0.019171082939410375 nan
0.18704551484325255 1.8933359893986896 0.019675590497404707 nan
0.18718712839784618 1.8945220780661185 0.019537774220091106 nan
0.18712743828168507 1.8946255873914963 0.019676165684889974 nan
0.18682552080367973 1.894721920966934 0.019537412756325853 nan
0.18698686659798613 1.8973542269562427 0.019676911926979485 nan
0.18690341307800168 1.8974013551457087 0.019446032195881965 nan
0.18675751379975455 1.8952516019249825 0.019538801397648284 nan
0.18690049468747771 1.8978911722474345 0.019288033889995088 nan
0.1863732825824462 1.8955294890032501 0.019539354353696678 nan
0.18653465037639938 1.8980278075329133 0.01931001695981531 nan
0.18645410549934635 1.8981670651779203 0.019539108233569066 nan
0.1864164673186503 1.894715556813203 0.019537158449905792 nan
0.18554227001027218 1.895331194461763 0.019399053780592188 nan
0.1858721794687247 1.8954358796774886 0.01955979173645811 nan
0.18601553651695962 1.8966222096310419 0.01956086740903372 nan
0.18571138611938068 1.89632316927702 0.019675201013993546 nan
0.18564958810207655 1.8968516842919148 0.019538484907417178 nan
0.18570998472254616 1.896721975971075 0.019422480602504996 nan
0.18540803610019468 1.895814968919707 0.01942304313969516 nan
0.18550422661699864 1.8948534054628525 0.01969857856182919 nan
0.18524594605599637 1.8946418064696653 0.019678030718497913 nan
0.18540490889906788 1.8972436062159415 0.019424886386947768 nan
0.18552015873176858 1.8994968117882685 0.01956048107405324 nan
0.18523947773316843 1.8960257266421041 0.019561792037372877 nan
0.18776134659706864 1.8926316737465747 0.0195391453340744 nan
0.18687461866576172 1.896857259076219 0.01956134177653958 nan
0.1870158008421216 1.8965476212741101 0.019560153484629347 nan
0.1867103431189696 1.8956412059407137 0.019560108584901537 nan
0.1870305711568227 1.8947346129686111 0.01928626315447028 nan
0.18703266563790885 1.8954705486113341 0.019537763625552165 nan
0.1870145613687365 1.8975490847384737 0.01942363687833064 nan
0.18716080551530984 1.8920844736493205 0.019676415770439853 nan
0.184418127974132 1.8933771422665278 0.019676080641003707 nan
0.18664282806181867 1.8949200118987204 0.01956147089446003 nan
0.18666341076098042 1.8954998173656645 0.019423360511579238 nan
0.18658577754350847 1.8962363604895622 0.019672225112485744 nan
0.18589677266163218 1.895329644991303 0.019697181938277186 nan
0.1863437756156222 1.8950832435429066 0.019675741158139 nan
0.18610360725774433 1.8975439521432211 0.01930960702550935 nan
0.1860598655092925 1.8940687169468633 0.01942445384167192 nan
0.18615712073045393 1.8947803167072612 0.019422455344164133 nan
0.18617805326313197 1.898974006835799 0.01942433691688869 nan
0.18634605817715827 1.8942243800568874 0.019171432106713876 nan
0.18584414272948885 1.8941185361453656 0.019285269292579718 nan
0.1859287301207461 1.898956920662283 0.01942482565968892 nan
0.18542740269017988 1.8984487302498898 0.019561426908058635 nan
0.18592681269004016 1.8955328495728034 0.01928767629338242 nan
0.18548497198058658 1.899321916797108 0.0194247984754463 nan
0.18538350366867923 1.8962613953699154 0.019423061219732085 nan
0.18503634482444425 1.8985356202039863 0.01944492069580414 nan
0.18503830392096968 1.898674395299259 0.019423841830873742 nan
0.18500416323576147 1.896679401116192 0.019424017627351575 nan
0.18529955653695668 1.897396410159921 0.01956031491303377 nan
0.18508962367743909 1.8975161531632263 0.01942378427090953 nan
0.18488796661294288 1.900288918878225 0.019424112828064985 nan
0.18480505857499804 1.8994402019147651 0.019423574375333527 nan
0.18454782789631546 1.8983696314937883 0.01969547740162493 nan
0.1846199309754632 1.8967151162458933 0.01953813863534927 nan
0.18470617528257713 1.9002828653476813 0.019697161497617466 nan
0.18439547898102596 1.8988561023739647 0.01942562847491129 nan
0.1842739044605906 1.896696405691029 0.01983287080408111 nan
0.18445210668450462 1.8988219985195438 0.019696749078308387 nan
0.1846105199909835 1.8999723371656192 0.019561594990211817 nan
0.18468571383951832 1.897180948365184 0.019810214269165544 nan
0.1839645982749572 1.8987169092061649 0.019698338074846278 nan
0.1838833412393927 1.8967540920611663 0.019584877733894696 nan
0.18386087022739978 1.8999117629025446 0.019561831809967525 nan
0.18384443382181992 1.899525854093434 0.019560926951785157 nan
0.1835841749562545 1.9011870086137685 0.019561851314664397 nan
0.18318206869149584 1.8973716466531736 0.01967602967158935 nan
0.1833194581558191 1.8988626913085425 0.019558279833552128 nan
0.18323415766156642 1.8995866345640453 0.019331176481670598 nan
0.18103752757468528 1.8986814768011882 0.019604152553647253 nan
0.18305301091944348 1.898774558275609 0.01956165751241426 nan
0.18309321939069786 1.8983527717216422 0.019582589546403656 nan
0.18344945567576607 1.9005835488433986 0.019699652554715674 nan
0.18334791350741317 1.8987536538148546 0.019676524909612955 nan
0.18304604391786428 1.8988792113522668 0.019561463311565636 nan
0.18274415961472637 1.8990182475822663 0.019561306464552702 nan
0.18239803379264918 1.9000456553543879 0.019583577587447637 nan
0.18294905478886733 1.9018232649143485 0.019697705028575485 nan
0.18278946695297174 1.8947976367751678 0.019697696691061584 nan
0.18226361831627286 1.8962363359567327 0.019812312090044082 nan
0.18205067652164608 1.8971968500303897 0.019696630092132975 nan
0.18191092509913367 1.896617498343545 0.01981252115782703 nan
0.18455566156641584 1.89355946388695 0.019949392581287667 nan
0.18429162733230922 1.8968597981995048 0.01981508948788044 nan
0.1844115983123857 1.8948462843308553 0.019834044811077006 nan
0.18414573425407885 1.8971036719146253 0.019814801248127928 nan
0.18434919412105968 1.8946659904142258 0.01994775617509241 nan
0.1840823132476871 1.8962724383124347 0.019811406639254583 nan
0.18399943137303532 1.8974852301738139 0.019811641780863518 nan
0.18409658387260786 1.8944617797838337 0.01994956224354147 nan
0.1839323017480746 1.8962052008351347 0.019834342866715426 nan
0.18373800131419554 1.8952802680360998 0.019834658707075556 nan
0.18379175900911074 1.8948439052491117 0.019948771627993522 nan
0.18361056532830833 1.8981450332891845 0.019810654629527066 nan
0.1837097209706517 1.8956967251918442 0.01994888398821329 nan
0.1836470578194106 1.895801438343867 0.01983520371180264 nan
0.18334235845759814 1.8965457206845011 0.019833953898636236 nan
0.1756354407897791 1.8992263830882714 0.02035300582247436 nan
0.18332967643865297 1.895747775335285 0.019946250499931262 nan
0.18302988184945854 1.8969889603137322 0.019719226180478305 nan
0.1826842440369718 1.9008060046361048 0.019698437941583158 nan
0.18312265147684934 1.9003727886885708 0.019698720340401293 nan
0.18280627854841602 1.8968724741001795 0.019947354535057957 nan
0.18294254024737708 1.89640783689955 0.019948316908858163 nan
0.1830383550843092 1.895036888160055 0.019946945118648626 nan
0.18241306143450725 1.8984381564954305 0.01983259490667466 nan
0.19223932260745508 1.8929209994546456 0.01985469195133903 nan
0.19232114463321168 1.8899161747408004 0.020082796147525672 nan
0.19240662710952705 1.8885618370895465 0.02008436572831268 nan
0.19232570736618582 1.8887009747309762 0.020085195851188037 nan
0.19188144746186403 1.8923678322152946 0.019968527431468264 nan
0.19201776994304504 1.8917076729906803 0.020241392498458355 nan
0.19171768716762091 1.890577519885304 0.020084509073030957 nan
0.19180325547963242 1.8892243122191794 0.02008513725337044 nan
0.1921242127655447 1.888877738844887 0.020082466800172782 nan
0.19149219162266418 1.8926081993705937 0.01996855001225291 nan
0.19162694842055455 1.8921277367741778 0.020084997238314153 nan
0.19154345398259864 1.8922676661965991 0.020085471290946483 nan
0.19124508605065366 1.890417625314555 0.019970877749023674 nan
0.19181439142736856 1.88903295118435 0.02023943815085684 nan
0.19186588686808848 1.8913275565650185 0.02008386665362838 nan
0.1908023175061481 1.889909457255895 0.019946578087545394 nan
0.19101876502804788 1.8913935254209013 0.02008345000207029 nan
0.19112059587842745 1.891034853153002 0.01983496861590041 nan
0.1906565258794734 1.8911841413072343 0.019831907580363767 nan
0.19049135571271195 1.8907357523913488 0.020219617218969352 nan
0.19259738074453542 1.8918811185847764 0.01981036258276317 nan
0.19303997113876412 1.8901126881843993 0.0198097804164106 nan
0.19265183343119208 1.902547459240985 0.019809369289387008 nan
0.19046071812725124 1.890901787505956 0.019947560430190053 nan
0.19229810304471023 1.8921377339879473 0.01958288228538911 nan
0.19029554266145166 1.8921611915545817 0.019832661852149908 nan
0.1923207428551097 1.89330488809866 0.01971966450498583 nan
0.19248234375241102 1.891365615263089 0.01969809089600877 nan
0.1921547303318141 1.8901220147933504 0.019949966794519353 nan
0.19283732928301256 1.8911946100906547 0.019833348198164555 nan
0.1919926606081278 1.8938836908139394 0.019832581627808474 nan
0.1919222237956315 1.893042978704397 0.019811648098636406 nan
0.1918477564617016 1.8935192514419348 0.019699053759939952 nan
0.19193573946403839 1.8917156040306586 0.019695403313571516 nan
0.19170867320613483 1.8927218360097937 0.019833693909200742 nan
0.18702366177489085 1.8944497827905584 0.020306871213300534 nan
0.1399729288033382 2.192168715839405 0.013531993606794107 nan
0.1892151099316774 1.8897280645020673 0.01706070499182949 nan
0.20150028722362273 1.8866851002710812 0.018008176532019166 nan
0.20949614143226877 1.8903723935938457 0.010705093826610015 nan
0.15768575639073035 2.157896544814017 0.012865483784651868 nan
0.17991776945296178 1.8988733502403992 0.018316152418251713 nan
0.1814155282359647 1.899109580747643 0.01870452520527889 nan
0.17907774970935322 1.9013079469134122 0.012387607517560045 nan
0.19019403580734323 1.894475825540005 0.01836153869630562 nan
0.1811608150487607 1.8983331007943538 0.013576877139666765 nan
0.17963210417207387 1.8830358580887916 0.015211893041078325 nan
0.18593018182854854 1.8957242224288167 0.015991772281152547 nan
0.18480454458961576 1.8957353313990235 0.01603179339340105 nan
0.17954697447444978 1.899062520821063 0.016948040634320927 nan
0.1799976028253746 1.9147795126165232 0.01834392455354933 nan
0.18683166921060307 2.205526890528876 0.01589564500604035 nan
0.17962947780728944 1.9014435723016117 0.013563086854449208 nan
0.1734427251698517 1.8860972335590762 0.014576508904733831 nan
0.1825976943688405 1.899260001849357 0.016372721628929124 nan
0.2635717135805815 1.9050134412725976 0.01478811525866322 nan
0.37044787827903763 2.1298607570897072 0.015680460453574657 nan
0.183027804682802 1.8991436166409281 0.01658780284613212 nan
0.18497703708389523 1.8972008929590274 0.017585340240993022 nan
-1.0931924387483472 2.4314336353130876 0.01201074846887891 nan
0.1895433326075228 1.8966319142722294 0.012755954781937223 nan
-1.0916167735598155 2.43306549781952 0.015811887876778036 nan
0.18545786794295857 1.898130818644072 0.01543716897039843 nan
-1.0900815835100808 2.4328713284256747 0.015590695653870112 nan
0.18991358699725264 1.8957858103073997 0.016469948069560786 nan
-1.0814018994128318 2.4342741370966783 0.016197574441919035 nan
0.18310876053130848 1.898937750088897 0.017375001400835255 nan
0.18557715845717848 1.8982579204697754 0.016590313209655747 nan
0.19997071075191583 2.0602625485795176 0.013433400610536092 nan
0.18363694846092604 1.899634548822803 0.014287622862566865 nan
0.18478170437609015 1.8976635474493961 0.01564452990656083 nan
0.18352582284983326 1.915588090733515 0.01569445992608258 nan
0.21213978496799601 2.0483782434173086 0.014483625493650384 nan
0.18887019232422028 1.897303493671338 0.01686009827653326 nan
0.18385289988856812 1.8993746326790157 0.015564123022242304 nan
0.18580361405481638 1.9064146941425109 0.015714124750438943 nan
0.1810838092617608 1.9001709749559015 0.015241085100469842 nan
0.18634011970561526 1.8974525941313485 0.016221946310349844 nan
0.1757352222579373 1.9004183952984555 0.01516952021382538 nan
0.18652232733596052 1.8984702476605437 0.014710791820518238 nan
0.18491006624981912 1.898038391758452 0.016099259675975308 nan
0.25553546737925614 2.0672562432747217 0.015312355375550424 nan
0.3522121827000878 2.0871775220881563 0.015192707543453643 nan
0.2837892061044057 2.078031567969842 0.01542440243740835 nan
-1.5182681553475845 -0.6685605250369095 0.015106384314419435 nan
-1.3595544122972956 -0.6738021035756931 0.016204683566304987 nan
-1.5131722085366992 -0.6558858655969845 0.015371207306511314 nan
-1.5151492300730327 -0.6433256628628535 0.015208027601411461 nan
-1.5286590362594445 -0.6722329660931734 0.01544391587849979 nan
-1.3617316843127862 -0.6745448070090314 0.015469624908585028 nan
-0.9932492165517597 -2.0919122477233567 0.013627457629222323 nan
-1.3653879187720537 -0.6913606116374829 0.015572444907587149 nan
-1.059740017359891 -2.1383504201468266 0.013974436781853172 nan
-1.5409004724477757 -0.6649802696953553 0.01538998326105169 nan
-1.3619343313961965 -0.66628403494435 0.015447930209758418 nan
-1.533220032023428 -0.7062800466651054 0.01548245855713197 nan
-1.3618486194791095 -0.6763895198638882 0.015458643738594957 nan
-1.5384380370872903 -0.6791440811003395 0.015418675780284913 nan
-1.3635817703598705 -0.6765140715155016 0.015405876813692945 nan
-1.3655807870429268 -0.6781949664076643 0.01539511565331736 nan
-1.5145733472873517 -0.662223098872391 0.015417312618937778 nan
-0.7112610017796861 -2.9297038354328357 0.013665971598845028 nan
-0.7147988430249406 -2.931850893832578 0.013450171274556708 nan
-1.5022915712288114 -0.805363242086495 0.015374572559949118 nan
-0.962428951568433 -2.189400716905616 0.014617635125922082 nan
-1.338760767750098 -0.6907949073982198 0.015869898034852697 nan
-1.4497316158324618 -0.8011145447250543 0.01547878870563539 nan
-1.4491149422963678 -0.8024845532408464 0.015411242900017774 nan
-1.4755173662309238 -0.8236464973466204 0.015157227597027298 nan
0.09940193357695284 2.0931385084346696 0.015420241288309877 nan
0.09341143624406295 2.0732390764382016 0.014291768461242138 nan
0.19019291103065392 1.895928489332005 0.016036034470205934 nan
0.19024199441173373 1.8960697661444337 0.016110929569579283 nan
-1.0574019979243419 2.4631016472600513 0.012685105333195348 nan
0.19017299881385427 1.896207034092022 0.016110059382408476 nan
0.1885781101964969 1.8963441746098244 0.016111225066335624 nan
-1.0583115680685222 2.4676166924875664 0.012467875782087884 nan
0.1885156679419337 1.896694189810312 0.016111025860120157 nan
-1.057658107731432 2.464862886688512 0.012667526168043106 nan
0.1883989305987623 1.8955088866367638 0.01617559770144103 nan
0.18833613164727975 1.8960373457392665 0.0161764379250533 nan
0.18820644396037026 1.8961743169042427 0.016176193693189955 nan
0.18813031024255264 1.8958861578927833 0.01650294548671953 nan
0.1880673063058061 1.8973455437155606 0.016045285909864426 nan
0.18799603690342645 1.8968626724075712 0.016111030684256414 nan
0.17555925298016378 2.053461322060642 0.015884126279054125 nan
0.18627400440632266 1.9049012558744196 0.016255815662991002 nan
0.18996689765804797 1.9253397880162555 0.015191722793216497 nan
0.18847226615296186 1.9097870379757955 0.015146031311777788 nan
0.1845196703491264 1.9005540441767799 0.015363900078272583 nan
0.185479140317936 1.9145788277992941 0.015080376697193157 nan
0.1867732166956637 1.9031406737022034 0.015476923893881597 nan
0.18770137779606208 1.8977014418632565 0.015115954195797518 nan
0.18429302403364403 1.899792860978852 0.015592269417265728 nan
0.18644517483705875 1.914576977258057 0.015495546261595564 nan
0.1839042933455619 1.9149066350540966 0.01503711658666572 nan
0.18565024290936327 1.899099196725119 0.015673477752762358 nan
0.18388696621234482 1.9007777310123979 0.015066172560402075 nan
0.1860144388661773 1.898297159323647 0.015530916749185664 nan
0.1840890836892942 1.9125939872152822 0.015160207075191168 nan
0.18431391078048193 1.9071099109927372 0.015166105815130032 nan
0.183866317644851 1.9082941314597863 0.015319892609534425 nan
0.1852512968295555 1.9059213984280312 0.01506218316418198 nan
0.18713419268231354 1.9031066454031313 0.015216378764024235 nan
0.1850380756830872 1.9069704908902978 0.015007036539190569 nan
0.18036196604850796 1.9095319858423871 0.015087380764771008 -1.5692830896353076
0.18129348382311727 1.9092190323687035 0.015117897527930094 -1.569655417820737
0.18043245399262198 1.8908517312838369 0.015077195175942318 1.5848475654156338
0.17795046487535052 1.9099649030882648 0.01488914864507547 1.5732843282195976
0.17745814149556263 1.90981159341037 0.01524382064986543 -0.9570510613615757
0.18429523567124956 1.9214951496237669 0.015022052410410006 -0.9626486100147558
0.18429200293547124 1.9217888723493668 0.014941987454202527 2.180413416572512
0.18451882699907818 1.9218690092828625 0.014894753885388884 -0.9619636742550338
0.18604916465378576 1.9219158663485283 0.014884484550811358 -0.9641271475821418
0.18631024200649854 1.9220218368458384 0.01466527154953931 2.180725113080253
0.18655074935785138 1.9203812905434918 0.01487110277478039 2.1672739452745864
0.1860807992283839 1.9204497793827526 0.014855155373957096 -0.9616725055608406
0.1861096398919339 1.9205145918319677 0.014701703216852963 -0.9644584122801447
0.18612848767244444 1.9206035554797878 0.015030993097582476 -0.9637273187890418
0.18594521837308325 1.9206531229267703 0.014667026511903034 -0.9615879237922091
0.1860857958560373 1.9206998093341947 0.01490914614466593 2.1700253220974157
0.18577272213977314 1.9207859896751638 0.014898250921314776 -0.9617650234455255
0.18599485340319905 1.920850414025537 0.014864539226919132 -0.9709365622158709
0.18591338397061463 1.9208737923716264 0.014899633354704594 -0.9664116601483342
0.18556781499267283 1.920966389362614 0.015251078423560285 -0.9722873678421151
0.185653073318385 1.9187899033815552 0.015030403888422195 2.178227507157521
0.18541014336127315 1.9144422435884791 0.01523276665222241 2.1806602663388936
0.18549827097330915 1.9144803620435555 0.014833748385415804 -0.9623636621720872
0.18534715931569928 1.9145400057532211 0.03562455901960977 -0.9573165888044777
0.18521901051412853 1.9146105742771855 0.015064747092244188 2.1809050540604664
0.1851173259109141 1.9146650719734901 0.015061599484071722 2.1809068498849555
0.18511779073484053 1.9147223852109878 0.014865164782668486 2.1799041259334135
0.18685732860267248 1.9147706270059737 0.015074051690448662 2.173174210818863
0.1848293120523014 1.9148200207540718 0.01520697174229324 2.1773019451883666
0.20893843324137568 1.9148200207540718 0.01520697174229324 2.1756257853639704
0.184705970385789 1.9148890823711477 0.015239101560499527 -0.9675098172432897
0.20882566562511895 1.9148890823711477 0.015239104556244956 2.1676214600724033
0.18650607595259405 1.9149640900983842 0.01523708103624545 -0.9626454616402302
0.20866327117732986 1.9149640900983842 0.01523708103624545 -0.9609792883501176
0.18463339341487567 1.915043180803982 0.01482447205991616 -0.9609303022785678
0.2087827116120975 1.9150385809109811 0.01481110195849572 -0.9630877198342012
0.18631580811383897 1.9151198655022306 0.015235235270613906 -0.9647732181433034
0.21085355278608706 1.9151106776192761 0.015235235270613906 -0.9749541759032618
0.1862967589417573 1.9151720337926714 0.014899041137629146 2.178630283895735
0.2104051279062118 1.9151674470307438 0.014899041137629146 2.178813695355723
0.1865612971381311 1.9137258942293425 0.01479337892961144 2.1725974724957258
0.21036239480015317 1.9152466631071796 0.01479337892961144 -0.961517531180053
0.18617599364274193 1.9138099869576424 0.015269312593058346 2.1741639645278217
0.21020954466073022 1.915330773566598 0.015269312593058346 -0.9707034787089008
0.18625535702943535 1.9138730353534328 0.014900824304457327 -0.9631085567299889
0.21028340401290446 1.9153892711597555 0.014900824304457327 2.175493623320825
0.18611676642169614 1.9139212661904468 0.014819508126037953 2.176551666499616
0.20863856949599 1.9150762108497807 0.014819508126037953 2.1875839840500677
0.18603117233775904 1.914007034148909 0.03501343878318645 -0.9617443906163545
0.2108435577549519 1.9151620173628283 0.034270805981737935 2.1691641731049085
0.1857455473577731 1.9135905506444928 0.01990022204876596 2.1734367922324767
0.2121243583352691 1.9140713560524203 0.03433379972595371 -0.9757036676923134
0.18614053541049813 1.914132920505426 0.034828182592469746 -0.9725012674882212
0.21053503069085777 1.914123934147772 0.03072431289737461 2.162247806668009
0.1857479770931926 1.9142163170748137 0.030892421360354215 2.180582360533994
0.21043653159379921 1.914207341601632 0.033678487403854214 -0.9760190164199611
0.18565670700407927 1.9142920109145942 0.015216324940341475 2.1803322782653467
0.21008322462691947 1.9142875290883914 0.015216324940341475 2.179609710074805
0.18569034172992366 1.9143498719110972 0.014900464707404776 -0.9613599304055787
0.2100286067659555 1.9143453964870127 0.014900464707404776 2.180798774800697
0.1856866255924462 1.9144280348584415 0.014912972786585807 2.1787921351802657
0.21000731531667885 1.9144235646961012 0.014912972786585807 -0.9609430197444798
0.18739233458139265 1.914485748034826 0.037935068743115107 2.179795120782787
0.20981882035233743 1.9144812843775076 0.015093654756514238 -0.9572487775352574
0.1854349784525706 1.9145709714907286 0.01487850380108878 -0.9629565750723994
0.20983187052962185 1.9145665147627278 0.014879182002707783 2.179762160330098
0.19549575221304688 1.91465856867576 0.014823096928547982 2.18053936295074
0.2001938504047607 1.9146926396984598 0.015211920101144458 -0.960474209326015
0.20266165345588977 1.9132731024187652 0.01489719113035426 2.1812711974378844
0.208455083782148 1.9133214512774401 0.014872189001525565 2.1644657441917863
0.18502607180738162 1.9133214512774401 0.014872189001525565 2.181141225189606
0.20774749433525658 1.913387288189657 0.015064698416361808 2.177481390744177
0.1848767671240951 1.9133916692517046 0.015063939150382302 -0.9608094525148978
0.20175801053032422 1.913461960762223 0.015051469298637293 2.1691281048134865
0.20084985635649313 1.913507795682718 0.015100322926799359 2.1777750893482395
0.20250943939575367 1.9135525849181687 0.014905931672448886 -0.9560015212462999
0.20163666796158514 1.9136217735269039 0.014889671036684801 -0.9585050417201553
0.20837093251353717 1.912227232144462 0.015085895542299554 2.1807363119206222
0.2061071670806795 1.9122586964376718 0.015242476418168907 2.173948447711397
0.20060964753166524 1.912310743384464 0.014903545274466981 -0.964185590020487
0.20045175094916 1.9123658041369598 0.015025049485996464 2.1792452406178677
0.21097495538812758 1.911548343411319 0.01487033113612636 -0.9604623497166969
0.20048092759117103 1.9124609894941877 0.015089204160639733 2.1710408479111347
0.18622233611372932 1.9140217582991144 0.015050229785604913 -0.9601206426420036
0.20836460423504136 1.9140217582991144 0.02385597805835804 2.1707837668956103
0.186122557963315 1.9140936890645488 0.02895553045199046 2.1809021282750525
0.2081947727246775 1.9140936890645488 0.02895553045199046 -0.9631859537791001
0.19254618259404832 1.9127000931050122 0.028377713117092078 2.172533888596406
0.2108067513268969 1.9141494540878607 0.028377713117092078 -0.9637536646657334
0.1976451608027066 1.9127678869755753 0.028830475365457096 -0.9624714330797817
0.20728873282351956 1.912970056861635 0.028953063791157564 2.1801683483519523
0.18612503161643604 1.9129743190619726 0.028953063791157564 2.1744796457521516
0.19936485202600718 1.913204883519906 0.03095302430202595 -0.96656653597576
0.1974191829827716 1.9131937641173464 0.030298418658876725 2.179790902236086
0.20951867351949885 1.9117749243016642 0.02962453540798364 2.1674697188571805
0.18580778798591696 1.9131703086504848 0.02962453540798364 2.176992494795139
0.20148806851356904 1.9118241685557196 0.02917693095752695 2.1737899596454504
0.2057420964778374 1.9118844623760887 0.015255770961651455 -0.9621234613558223
0.20339787102832224 1.9119221527082524 0.015438338875159566 2.183856412888879
0.20557748287419225 1.9119665322119737 0.015200898036312915 2.176863314548578
0.20957914564161206 1.9120236736958502 0.03726673655636243 2.175216683632213
0.2115747592881933 1.9120593027975694 0.015030557502677094 -0.9624266921038352
0.1468528990738419 1.9188089458921898 0.014837448252160004 1.6362574678701367
0.2108397583092319 1.9121132426110508 0.03697689271770965 2.1783898674135793
0.14769993164850487 1.918747876871678 0.015196946672108164 1.710291429477935
0.20395048651296221 1.91079296212884 0.03689833119740152 2.176915594160705
0.14700089289643758 1.918626088992971 0.015220301194065505 1.6390517487346348
0.2077998412550887 1.91087211730192 0.03648622564389193 -0.9653808220282112
0.20920686212374312 1.9109010611933135 0.015285451173681186 -0.962799155266713
0.2099089779906863 1.9109538363869092 0.014937183801632642 -0.9636604232053632
0.14543206193247538 1.9236354001912532 0.016200513881217377 -1.614084888506793
0.20686470375349644 1.9110210337884035 0.035871954825275575 -0.9652038984763764
0.14564222639143665 1.9232260369511645 0.016517371338521297 1.5449877991164331
0.20588486672797804 1.9110703977042656 0.03558746186285679 -0.9716858399888556
0.14523183608170095 1.923178281019049 0.015506918491584323 -1.5703263327531998
0.20558391344297577 1.9097801730604254 0.035699617587879054 2.17554626701251
0.14055059770908432 1.9233689070960722 0.015765972270725293 -1.5875495280518084
0.21042278756975058 1.9098112789211044 0.03514505326791035 2.171001723121258
0.13876550867219098 1.921652569686663 0.01547549667013752 -1.5945868899731508
0.21136447623609833 1.9099002383519812 0.03532070111643142 -0.9740701962520494
0.13876231739038608 1.9288105694561986 0.015699115608445724 -1.555542518270718
0.20949020571851323 1.9099577064824262 0.03495307838148968 -0.9614032043364665
0.13876403214883687 1.9287544603211435 0.015041685853181413 1.572147900812541
0.20933133040257712 1.9087033590242997 0.035207782220523946 2.174986329645055
0.13967468699019991 1.9223805040594362 0.039791087007433626 0.045314366702326137
0.20930737180125783 1.9087423929185108 0.03495316905131143 2.1790647223794486
0.13877596897692673 1.9286553098584929 0.015575851468739604 1.5789589602004175
0.210960102129165 1.9087975048983108 0.014977545340661244 2.1702271206646486
0.13859216061816415 1.9269786905071151 0.015301389253855671 1.5763454778351238
0.20920374412155468 1.9088615504465898 0.014600624774729981 2.1783894926464438
0.13916436359779472 1.920728779470425 0.038701815933927006 -3.0946404774171397
0.2089843964474971 1.9089210622657105 0.03452451987900388 -0.9757125196920927
0.13942355240762128 1.9206277639877463 0.039017216899331165 -3.0774702107188054
0.20964012906126778 1.9089709322696788 0.03446949648806018 -0.9641438650184777
0.1393268433055851 1.9206704365949796 0.03885553315342506 0.06406856323233834
0.20954484262008077 1.9077472199542105 0.014827745447872645 -0.962870455510292
0.13879391524096585 1.9267376452576883 0.015235061551737372 1.5684839769494778
0.2043800356944647 1.9111894027191927 0.034976776578212604 2.1782838759173018
0.14633391351991648 1.9265997721176205 0.015573961765788652 -1.5706824289001893
0.20364300260612542 1.9128869297357585 0.03432958644374761 2.1763928212460923
0.1472973050815252 1.9260339348366196 0.015288939026829873 -1.5701944412413678
0.20961084768810592 1.9115968687139955 0.03410333313512106 -0.9581305655649648
0.1460720412405746 1.926976605966339 0.015007970907468512 1.5691478994226578
0.20608555298851455 1.9116471157796677 0.014939477179092706 2.1793210502006573
0.14638645348483587 1.9257607457851496 0.01496638746455288 -1.4743721513717603
0.21021559211701837 1.9117056517175572 0.03402789289591899 2.1754276651548485
0.14602840895125893 1.9255579798422928 0.015021749603465084 1.563874783933945
0.1382291144419434 1.9397815538705356 0.015023793251997736 1.5263728962514014
0.21017781757141674 1.9117810850598413 0.03379327797678868 2.1728673443834325
0.13816245325009885 1.9398913283982184 0.014867018055337827 -1.5615297397794285
0.13925670510396343 1.9255393180858424 0.015162132308529502 -1.5697477547978322
0.21126464538257378 1.9118440135493007 0.01472340724007834 -0.9637947951056209
0.14027161901535729 1.9256164614471087 0.03776956625387866 -3.0704898750101743
0.1382279195631469 1.9399260847868858 0.014702066293077617 -1.6384572126606978
0.21023889369257331 1.910584472697837 0.015230373696094548 -0.9710693733998601
0.13811890417009637 1.9386395932210094 0.015000580417341383 -1.5674645218724386
0.13811890417009637 1.9400851145786815 0.01502317514751969 1.5823262540600322
0.21020839134746866 1.9106349696220175 0.015049747132303906 2.1727041790461135
0.13808589691002832 1.9386971861430904 0.01502838689911383 1.5740872908067287
0.1393948372272802 1.9310672038466539 0.01502838689911383 1.5945386314323347
0.20991066286223342 1.9106745536589222 0.03295997010342779 2.1735252067648836
0.14036203996174526 1.9241434651786333 0.03759594302505603 -3.110331306591037
0.20975892714813305 1.9107531400108733 0.015343986469099236 -0.9598974025411142
0.1379750175789964 1.9389387008158625 0.014862256921581996 -1.5708659124012545
0.20976481779601658 1.9108058465327415 0.03290866278451727 2.1764169449430053
0.13797460201961464 1.9389621015230531 0.015165541320076928 1.5751065062544476
0.21149855776193652 1.910877187060628 0.015425754368212238 -0.9719471902693348
0.13775133339969423 1.9392109457518512 0.015216636768206504 1.5735461575081977
0.21195843344437348 1.9109321695321677 0.03257546737098916 2.167302938459146
0.13774850544934922 1.9392817489800407 0.015162211022461791 1.5671750126297914
0.21193086637359887 1.9097068196655673 0.03221481187831537 -0.962938523433089
0.13771049670003588 1.939367643862766 0.014985872725041482 1.5724011510479936
0.21225051343865445 1.9097552145445302 0.015026455412371797 2.164190631109016
0.1377826889639468 1.937968065722873 0.014997288887882862 -1.568806220972649
0.21006551854743946 1.9097997957030088 0.03215311601420894 2.182420680101067
0.13779349588363282 1.9380171388071776 0.014983803833741594 -1.5690528880960033
0.21223396463092628 1.9098527533441425 0.03188794429183186 -0.9586214673567666
0.13773611760770416 1.9381046654469885 0.015020391538283079 1.5760083051833182
0.21058016504035454 1.9099319106687251 0.03162300888569152 -0.9589075756295614
0.13772999146144543 1.938182905397965 0.014800473853946394 -1.5699864471400249
0.21245070621045686 1.9099875642083317 0.014853669965374378 2.179275010573032
0.13740440780176688 1.9384892523693122 0.014455107301557968 -1.5698416395835
